<?xml version="1.0" encoding="UTF-8"?>
<!-- Generated by org.testng.reporters.JUnitReportReporter -->
<testsuite hostname="P5-GLDJX52" name="org.selenium_Advanced.NewTest" tests="1" failures="0" timestamp="16 May 2018 12:15:03 GMT" time="13.408" errors="0">
  <testcase name="register" time="13.408" classname="org.selenium_Advanced.NewTest"/>
</testsuite> <!-- org.selenium_Advanced.NewTest -->
