<?xml version="1.0" encoding="UTF-8"?>
<!-- Generated by org.testng.reporters.JUnitReportReporter -->
<testsuite hostname="P5-GLDJX52" name="org.selenium_Advanced.LoginTestcase" tests="1" failures="0" timestamp="16 May 2018 12:15:03 GMT" time="5.330" errors="0">
  <testcase name="login" time="5.330" classname="org.selenium_Advanced.LoginTestcase"/>
</testsuite> <!-- org.selenium_Advanced.LoginTestcase -->
